<?xml version="1.0" encoding="UTF-8"?>
<testng-results ignored="0" total="1" passed="1" failed="0" skipped="0">
  <reporter-output>
  </reporter-output>
  <suite started-at="2022-02-25T13:28:58 IST" name="Default suite" finished-at="2022-02-25T13:29:10 IST" duration-ms="12147">
    <groups>
    </groups>
    <test started-at="2022-02-25T13:28:58 IST" name="Default test" finished-at="2022-02-25T13:29:10 IST" duration-ms="12147">
      <class name="com.web.open.test.LoginTest">
        <test-method signature="loginPageTitleTest()[pri:0, instance:com.web.open.test.LoginTest@7e5afaa6]" started-at="2022-02-25T13:28:58 IST" name="loginPageTitleTest" finished-at="2022-02-25T13:29:10 IST" duration-ms="12074" status="PASS">
          <reporter-output>
          </reporter-output>
        </test-method> <!-- loginPageTitleTest -->
      </class> <!-- com.web.open.test.LoginTest -->
    </test> <!-- Default test -->
  </suite> <!-- Default suite -->
</testng-results>
